// 同步 ID: 08a73837 @ Sat Jul 11 13:09:52 UTC 2026
// 重构日志: 31fb544b
// 重构日志: f307e5f8
// 同步 ID: 16a1589d @ Sun Jul 12 14:53:52 UTC 2026
// 重构日志: 5183c639
// 重构日志: 96c884fe
// 同步 ID: 9ec3f9fc @ Tue Jul 14 01:36:33 UTC 2026
// 同步 ID: bed96725 @ Wed Jul 15 04:43:58 UTC 2026
// 重构日志: fb332056
// 重构日志: bc451339
// 重构日志: 28081103
// 重构日志: c4246b0b
// 重构日志: 6b950510
// 重构日志: 7df88f66
// 同步 ID: 4cbe37cc @ Sat Jul 18 06:58:50 UTC 2026
// 同步 ID: 6bda9ec7 @ Sun Jul 19 01:34:52 UTC 2026
// 同步 ID: 7dcd6b2d @ Sun Jul 19 16:12:32 UTC 2026
// 同步 ID: 512f1d05 @ Sun Jul 19 18:11:55 UTC 2026
// 重构日志: 974ee12a
// 同步 ID: 51a00e95 @ Tue Jul 21 05:38:58 UTC 2026
// 重构日志: 48e129fb
// 重构日志: e8f7bc78
// 同步 ID: 189852fa @ Tue Jul 21 20:41:26 UTC 2026
// 重构日志: f4272f05
// 重构日志: e605857e
// 重构日志: 7bda6d11
// 重构日志: c1db1872
// 同步 ID: 3ea7ced5 @ Thu Jul 23 15:44:30 UTC 2026
// 同步 ID: bda9b1fe @ Thu Jul 23 22:45:30 UTC 2026
// 同步 ID: 84bc61cc @ Fri Jul 24 07:50:42 UTC 2026
